This is pdfTeX, Version 3.1415926-2.5-1.40.14 (TeX Live 2013/Debian) (format=pdflatex 2015.8.26)  26 SEP 2015 12:08
entering extended mode
 restricted \write18 enabled.
 %&-line parsing enabled.
**thesis.tex
(./thesis.tex
LaTeX2e <2011/06/27>
Babel <3.9h> and hyphenation patterns for 7 languages loaded.
(/usr/share/texlive/texmf-dist/tex/latex/base/report.cls
Document Class: report 2007/10/19 v1.4h Standard LaTeX document class
(/usr/share/texlive/texmf-dist/tex/latex/base/size12.clo
File: size12.clo 2007/10/19 v1.4h Standard LaTeX file (size option)
)
\c@part=\count79
\c@chapter=\count80
\c@section=\count81
\c@subsection=\count82
\c@subsubsection=\count83
\c@paragraph=\count84
\c@subparagraph=\count85
\c@figure=\count86
\c@table=\count87
\abovecaptionskip=\skip41
\belowcaptionskip=\skip42
\bibindent=\dimen102
)
(/usr/share/texlive/texmf-dist/tex/generic/epsf/epsf.sty
This is `epsf.tex' v2.7.4 <14 February 2011>
\epsffilein=\read1
\epsfframemargin=\dimen103
\epsfframethickness=\dimen104
\epsfrsize=\dimen105
\epsftmp=\dimen106
\epsftsize=\dimen107
\epsfxsize=\dimen108
\epsfysize=\dimen109
\pspoints=\dimen110
) (/usr/share/texlive/texmf-dist/tex/generic/german/ngerman.sty
v2.5e 1998-07-08
Package: ngerman 1998/07/08 v2.5e Support for writing german texts (br)
\grmnU@D=\dimen111
ngerman -- \language number for naustrian undefined, default 3 used.
ngerman -- \language number for French undefined, default 255 used.
)
(/usr/share/texlive/texmf-dist/tex/latex/graphics/graphics.sty
Package: graphics 2009/02/05 v1.0o Standard LaTeX Graphics (DPC,SPQR)

(/usr/share/texlive/texmf-dist/tex/latex/graphics/trig.sty
Package: trig 1999/03/16 v1.09 sin cos tan (DPC)
)
(/usr/share/texlive/texmf-dist/tex/latex/latexconfig/graphics.cfg
File: graphics.cfg 2010/04/23 v1.9 graphics configuration of TeX Live
)
Package graphics Info: Driver file: pdftex.def on input line 91.

(/usr/share/texlive/texmf-dist/tex/latex/pdftex-def/pdftex.def
File: pdftex.def 2011/05/27 v0.06d Graphics/color for pdfTeX

(/usr/share/texlive/texmf-dist/tex/generic/oberdiek/infwarerr.sty
Package: infwarerr 2010/04/08 v1.3 Providing info/warning/error messages (HO)
)
(/usr/share/texlive/texmf-dist/tex/generic/oberdiek/ltxcmds.sty
Package: ltxcmds 2011/11/09 v1.22 LaTeX kernel commands for general use (HO)
)
\Gread@gobject=\count88
))
(/usr/share/texlive/texmf-dist/tex/latex/graphics/graphicx.sty
Package: graphicx 1999/02/16 v1.0f Enhanced LaTeX Graphics (DPC,SPQR)

(/usr/share/texlive/texmf-dist/tex/latex/graphics/keyval.sty
Package: keyval 1999/03/16 v1.13 key=value parser (DPC)
\KV@toks@=\toks14
)
\Gin@req@height=\dimen112
\Gin@req@width=\dimen113
)
(/usr/share/texlive/texmf-dist/tex/latex/base/latexsym.sty
Package: latexsym 1998/08/17 v2.2e Standard LaTeX package (lasy symbols)
\symlasy=\mathgroup4
LaTeX Font Info:    Overwriting symbol font `lasy' in version `bold'
(Font)                  U/lasy/m/n --> U/lasy/b/n on input line 47.
)
(/usr/share/texlive/texmf-dist/tex/latex/caption/caption.sty
Package: caption 2013/05/02 v3.3-89 Customizing captions (AR)

(/usr/share/texlive/texmf-dist/tex/latex/caption/caption3.sty
Package: caption3 2013/05/02 v1.6-88 caption3 kernel (AR)
Package caption3 Info: TeX engine: e-TeX on input line 57.
\captionmargin=\dimen114
\captionmargin@=\dimen115
\captionwidth=\dimen116
\caption@tempdima=\dimen117
\caption@indent=\dimen118
\caption@parindent=\dimen119
\caption@hangindent=\dimen120
)
\c@ContinuedFloat=\count89
)
(/usr/share/texlive/texmf-dist/tex/latex/base/inputenc.sty
Package: inputenc 2008/03/30 v1.1d Input encoding file
\inpenc@prehook=\toks15
\inpenc@posthook=\toks16

(/usr/share/texlive/texmf-dist/tex/latex/base/utf8.def
File: utf8.def 2008/04/05 v1.1m UTF-8 support for inputenc
Now handling font encoding OML ...
... no UTF-8 mapping file for font encoding OML
Now handling font encoding T1 ...
... processing UTF-8 mapping file for font encoding T1

(/usr/share/texlive/texmf-dist/tex/latex/base/t1enc.dfu
File: t1enc.dfu 2008/04/05 v1.1m UTF-8 support for inputenc
   defining Unicode char U+00A1 (decimal 161)
   defining Unicode char U+00A3 (decimal 163)
   defining Unicode char U+00AB (decimal 171)
   defining Unicode char U+00BB (decimal 187)
   defining Unicode char U+00BF (decimal 191)
   defining Unicode char U+00C0 (decimal 192)
   defining Unicode char U+00C1 (decimal 193)
   defining Unicode char U+00C2 (decimal 194)
   defining Unicode char U+00C3 (decimal 195)
   defining Unicode char U+00C4 (decimal 196)
   defining Unicode char U+00C5 (decimal 197)
   defining Unicode char U+00C6 (decimal 198)
   defining Unicode char U+00C7 (decimal 199)
   defining Unicode char U+00C8 (decimal 200)
   defining Unicode char U+00C9 (decimal 201)
   defining Unicode char U+00CA (decimal 202)
   defining Unicode char U+00CB (decimal 203)
   defining Unicode char U+00CC (decimal 204)
   defining Unicode char U+00CD (decimal 205)
   defining Unicode char U+00CE (decimal 206)
   defining Unicode char U+00CF (decimal 207)
   defining Unicode char U+00D0 (decimal 208)
   defining Unicode char U+00D1 (decimal 209)
   defining Unicode char U+00D2 (decimal 210)
   defining Unicode char U+00D3 (decimal 211)
   defining Unicode char U+00D4 (decimal 212)
   defining Unicode char U+00D5 (decimal 213)
   defining Unicode char U+00D6 (decimal 214)
   defining Unicode char U+00D8 (decimal 216)
   defining Unicode char U+00D9 (decimal 217)
   defining Unicode char U+00DA (decimal 218)
   defining Unicode char U+00DB (decimal 219)
   defining Unicode char U+00DC (decimal 220)
   defining Unicode char U+00DD (decimal 221)
   defining Unicode char U+00DE (decimal 222)
   defining Unicode char U+00DF (decimal 223)
   defining Unicode char U+00E0 (decimal 224)
   defining Unicode char U+00E1 (decimal 225)
   defining Unicode char U+00E2 (decimal 226)
   defining Unicode char U+00E3 (decimal 227)
   defining Unicode char U+00E4 (decimal 228)
   defining Unicode char U+00E5 (decimal 229)
   defining Unicode char U+00E6 (decimal 230)
   defining Unicode char U+00E7 (decimal 231)
   defining Unicode char U+00E8 (decimal 232)
   defining Unicode char U+00E9 (decimal 233)
   defining Unicode char U+00EA (decimal 234)
   defining Unicode char U+00EB (decimal 235)
   defining Unicode char U+00EC (decimal 236)
   defining Unicode char U+00ED (decimal 237)
   defining Unicode char U+00EE (decimal 238)
   defining Unicode char U+00EF (decimal 239)
   defining Unicode char U+00F0 (decimal 240)
   defining Unicode char U+00F1 (decimal 241)
   defining Unicode char U+00F2 (decimal 242)
   defining Unicode char U+00F3 (decimal 243)
   defining Unicode char U+00F4 (decimal 244)
   defining Unicode char U+00F5 (decimal 245)
   defining Unicode char U+00F6 (decimal 246)
   defining Unicode char U+00F8 (decimal 248)
   defining Unicode char U+00F9 (decimal 249)
   defining Unicode char U+00FA (decimal 250)
   defining Unicode char U+00FB (decimal 251)
   defining Unicode char U+00FC (decimal 252)
   defining Unicode char U+00FD (decimal 253)
   defining Unicode char U+00FE (decimal 254)
   defining Unicode char U+00FF (decimal 255)
   defining Unicode char U+0102 (decimal 258)
   defining Unicode char U+0103 (decimal 259)
   defining Unicode char U+0104 (decimal 260)
   defining Unicode char U+0105 (decimal 261)
   defining Unicode char U+0106 (decimal 262)
   defining Unicode char U+0107 (decimal 263)
   defining Unicode char U+010C (decimal 268)
   defining Unicode char U+010D (decimal 269)
   defining Unicode char U+010E (decimal 270)
   defining Unicode char U+010F (decimal 271)
   defining Unicode char U+0110 (decimal 272)
   defining Unicode char U+0111 (decimal 273)
   defining Unicode char U+0118 (decimal 280)
   defining Unicode char U+0119 (decimal 281)
   defining Unicode char U+011A (decimal 282)
   defining Unicode char U+011B (decimal 283)
   defining Unicode char U+011E (decimal 286)
   defining Unicode char U+011F (decimal 287)
   defining Unicode char U+0130 (decimal 304)
   defining Unicode char U+0131 (decimal 305)
   defining Unicode char U+0132 (decimal 306)
   defining Unicode char U+0133 (decimal 307)
   defining Unicode char U+0139 (decimal 313)
   defining Unicode char U+013A (decimal 314)
   defining Unicode char U+013D (decimal 317)
   defining Unicode char U+013E (decimal 318)
   defining Unicode char U+0141 (decimal 321)
   defining Unicode char U+0142 (decimal 322)
   defining Unicode char U+0143 (decimal 323)
   defining Unicode char U+0144 (decimal 324)
   defining Unicode char U+0147 (decimal 327)
   defining Unicode char U+0148 (decimal 328)
   defining Unicode char U+014A (decimal 330)
   defining Unicode char U+014B (decimal 331)
   defining Unicode char U+0150 (decimal 336)
   defining Unicode char U+0151 (decimal 337)
   defining Unicode char U+0152 (decimal 338)
   defining Unicode char U+0153 (decimal 339)
   defining Unicode char U+0154 (decimal 340)
   defining Unicode char U+0155 (decimal 341)
   defining Unicode char U+0158 (decimal 344)
   defining Unicode char U+0159 (decimal 345)
   defining Unicode char U+015A (decimal 346)
   defining Unicode char U+015B (decimal 347)
   defining Unicode char U+015E (decimal 350)
   defining Unicode char U+015F (decimal 351)
   defining Unicode char U+0160 (decimal 352)
   defining Unicode char U+0161 (decimal 353)
   defining Unicode char U+0162 (decimal 354)
   defining Unicode char U+0163 (decimal 355)
   defining Unicode char U+0164 (decimal 356)
   defining Unicode char U+0165 (decimal 357)
   defining Unicode char U+016E (decimal 366)
   defining Unicode char U+016F (decimal 367)
   defining Unicode char U+0170 (decimal 368)
   defining Unicode char U+0171 (decimal 369)
   defining Unicode char U+0178 (decimal 376)
   defining Unicode char U+0179 (decimal 377)
   defining Unicode char U+017A (decimal 378)
   defining Unicode char U+017B (decimal 379)
   defining Unicode char U+017C (decimal 380)
   defining Unicode char U+017D (decimal 381)
   defining Unicode char U+017E (decimal 382)
   defining Unicode char U+200C (decimal 8204)
   defining Unicode char U+2013 (decimal 8211)
   defining Unicode char U+2014 (decimal 8212)
   defining Unicode char U+2018 (decimal 8216)
   defining Unicode char U+2019 (decimal 8217)
   defining Unicode char U+201A (decimal 8218)
   defining Unicode char U+201C (decimal 8220)
   defining Unicode char U+201D (decimal 8221)
   defining Unicode char U+201E (decimal 8222)
   defining Unicode char U+2030 (decimal 8240)
   defining Unicode char U+2031 (decimal 8241)
   defining Unicode char U+2039 (decimal 8249)
   defining Unicode char U+203A (decimal 8250)
   defining Unicode char U+2423 (decimal 9251)
)
Now handling font encoding OT1 ...
... processing UTF-8 mapping file for font encoding OT1

(/usr/share/texlive/texmf-dist/tex/latex/base/ot1enc.dfu
File: ot1enc.dfu 2008/04/05 v1.1m UTF-8 support for inputenc
   defining Unicode char U+00A1 (decimal 161)
   defining Unicode char U+00A3 (decimal 163)
   defining Unicode char U+00B8 (decimal 184)
   defining Unicode char U+00BF (decimal 191)
   defining Unicode char U+00C5 (decimal 197)
   defining Unicode char U+00C6 (decimal 198)
   defining Unicode char U+00D8 (decimal 216)
   defining Unicode char U+00DF (decimal 223)
   defining Unicode char U+00E6 (decimal 230)
   defining Unicode char U+00EC (decimal 236)
   defining Unicode char U+00ED (decimal 237)
   defining Unicode char U+00EE (decimal 238)
   defining Unicode char U+00EF (decimal 239)
   defining Unicode char U+00F8 (decimal 248)
   defining Unicode char U+0131 (decimal 305)
   defining Unicode char U+0141 (decimal 321)
   defining Unicode char U+0142 (decimal 322)
   defining Unicode char U+0152 (decimal 338)
   defining Unicode char U+0153 (decimal 339)
   defining Unicode char U+2013 (decimal 8211)
   defining Unicode char U+2014 (decimal 8212)
   defining Unicode char U+2018 (decimal 8216)
   defining Unicode char U+2019 (decimal 8217)
   defining Unicode char U+201C (decimal 8220)
   defining Unicode char U+201D (decimal 8221)
)
Now handling font encoding OMS ...
... processing UTF-8 mapping file for font encoding OMS

(/usr/share/texlive/texmf-dist/tex/latex/base/omsenc.dfu
File: omsenc.dfu 2008/04/05 v1.1m UTF-8 support for inputenc
   defining Unicode char U+00A7 (decimal 167)
   defining Unicode char U+00B6 (decimal 182)
   defining Unicode char U+00B7 (decimal 183)
   defining Unicode char U+2020 (decimal 8224)
   defining Unicode char U+2021 (decimal 8225)
   defining Unicode char U+2022 (decimal 8226)
)
Now handling font encoding OMX ...
... no UTF-8 mapping file for font encoding OMX
Now handling font encoding U ...
... no UTF-8 mapping file for font encoding U
   defining Unicode char U+00A9 (decimal 169)
   defining Unicode char U+00AA (decimal 170)
   defining Unicode char U+00AE (decimal 174)
   defining Unicode char U+00BA (decimal 186)
   defining Unicode char U+02C6 (decimal 710)
   defining Unicode char U+02DC (decimal 732)
   defining Unicode char U+200C (decimal 8204)
   defining Unicode char U+2026 (decimal 8230)
   defining Unicode char U+2122 (decimal 8482)
   defining Unicode char U+2423 (decimal 9251)
))
(/usr/share/texlive/texmf-dist/tex/latex/wrapfig/wrapfig.sty
\wrapoverhang=\dimen121
\WF@size=\dimen122
\c@WF@wrappedlines=\count90
\WF@box=\box26
\WF@everypar=\toks17
Package: wrapfig 2003/01/31  v 3.6
)
(/usr/share/texlive/texmf-dist/tex/latex/tools/longtable.sty
Package: longtable 2004/02/01 v4.11 Multi-page Table package (DPC)
\LTleft=\skip43
\LTright=\skip44
\LTpre=\skip45
\LTpost=\skip46
\LTchunksize=\count91
\LTcapwidth=\dimen123
\LT@head=\box27
\LT@firsthead=\box28
\LT@foot=\box29
\LT@lastfoot=\box30
\LT@cols=\count92
\LT@rows=\count93
\c@LT@tables=\count94
\c@LT@chunks=\count95
\LT@p@ftn=\toks18
)
(/usr/share/texlive/texmf-dist/tex/latex/qtree/qtree.sty
Package: 2008/12/12 v.3.1bQtree: tree-drawing for linguistics
Package: qtree 2008/12/12 v.3.1bQtree: tree-drawing for linguistics
(/usr/share/texlive/texmf-dist/tex/latex/pict2e/pict2e.sty
Package: pict2e 2014/01/12 v0.2z Improved picture commands (HjG,RN,JT)

(/usr/share/texlive/texmf-dist/tex/latex/pict2e/pict2e.cfg
File: pict2e.cfg 2011/04/05 v0.1t pict2e configuration for teTeX/TeXLive
)
Package pict2e Info: Driver file: pdftex.def on input line 119.
Package pict2e Info: Driver file for pict2e: p2e-pdftex.def on input line 121.

(/usr/share/texlive/texmf-dist/tex/latex/pict2e/p2e-pdftex.def
File: p2e-pdftex.def 2011/04/05 v0.1t Driver-dependant file (RN,HjG,JT)
)
\pIIe@GRAPH=\toks19
\@arclen=\dimen124
\@arcrad=\dimen125
\@tempdimd=\dimen126
)
\c@treecount=\count96
\c@branchcount=\count97
\parentbox=\box31
\treebox=\box32
\treeboxone=\box33
\treeboxtwo=\box34
\treeboxthree=\box35
\treeboxfour=\box36
\treeboxfive=\box37
\treeboxsix=\box38
\treeboxseven=\box39
\treeboxeight=\box40
\treeboxnine=\box41
\treeboxten=\box42
\treeboxeleven=\box43
\treeboxtwelve=\box44
\treeboxthirteen=\box45
\treeboxfourteen=\box46
\treeboxfifteen=\box47
\treeboxsixteen=\box48
\treeboxseventeen=\box49
\treeboxeighteen=\box50
\treeboxnineteen=\box51
\treeboxtwenty=\box52
\treeoffsetone=\skip47
\treeoffsettwo=\skip48
\treeoffsetthree=\skip49
\treeoffsetfour=\skip50
\treeoffsetfive=\skip51
\treeoffsetsix=\skip52
\treeoffsetseven=\skip53
\treeoffseteight=\skip54
\treeoffsetnine=\skip55
\treeoffsetten=\skip56
\treeoffseteleven=\skip57
\treeoffsettwelve=\skip58
\treeoffsetthirteen=\skip59
\treeoffsetfourteen=\skip60
\treeoffsetfifteen=\skip61
\treeoffsetsixteen=\skip62
\treeoffsetseventeen=\skip63
\treeoffseteighteen=\skip64
\treeoffsetnineteen=\skip65
\treeoffsettwenty=\skip66
\treeshiftone=\skip67
\treeshifttwo=\skip68
\treeshiftthree=\skip69
\treeshiftfour=\skip70
\treeshiftfive=\skip71
\treeshiftsix=\skip72
\treeshiftseven=\skip73
\treeshifteight=\skip74
\treeshiftnine=\skip75
\treeshiftten=\skip76
\treeshifteleven=\skip77
\treeshifttwelve=\skip78
\treeshiftthirteen=\skip79
\treeshiftfourteen=\skip80
\treeshiftfifteen=\skip81
\treeshiftsixteen=\skip82
\treeshiftseventeen=\skip83
\treeshifteighteen=\skip84
\treeshiftnineteen=\skip85
\treeshifttwenty=\skip86
\treewidthone=\skip87
\treewidthtwo=\skip88
\treewidththree=\skip89
\treewidthfour=\skip90
\treewidthfive=\skip91
\treewidthsix=\skip92
\treewidthseven=\skip93
\treewidtheight=\skip94
\treewidthnine=\skip95
\treewidthten=\skip96
\treewidtheleven=\skip97
\treewidthtwelve=\skip98
\treewidththirteen=\skip99
\treewidthfourteen=\skip100
\treewidthfifteen=\skip101
\treewidthsixteen=\skip102
\treewidthseventeen=\skip103
\treewidtheighteen=\skip104
\treewidthnineteen=\skip105
\treewidthtwenty=\skip106
\daughteroffsetone=\skip107
\daughteroffsettwo=\skip108
\daughteroffsetthree=\skip109
\daughteroffsetfour=\skip110
\branchwidthone=\skip111
\branchwidthtwo=\skip112
\branchwidththree=\skip113
\branchwidthfour=\skip114
\parentoffset=\skip115
\treeoffset=\skip116
\daughteroffset=\skip117
\branchwidth=\skip118
\parentwidth=\skip119
\treewidth=\skip120
\qta=\toks20
\qtb=\toks21
\nbranches=\count98
\qroofx=\count99
\qroofy=\count100
\@qrscratchbox=\box53
)
(/usr/share/texlive/texmf-dist/tex/latex/floatrow/floatrow.sty
Package: floatrow 2008/08/02 v0.3b floatrow: float package extension
\c@float@type=\count101
\float@exts=\toks22
\float@box=\box54
\@floatcapt=\box55
Package floatrow Info: Modified float package code loaded on input line 455.
Package floatrow Info: Modified rotfloat package code loaded on input line 473.

\FR@everyfloat=\toks23
\flrow@foot=\insert233
\FB@wd=\dimen127
\FBo@wd=\dimen128
\FBc@wd=\dimen129
\FBo@ht=\skip121
\FBc@ht=\skip122
\FBf@ht=\skip123
\FBo@max=\skip124
\FBc@max=\skip125
\FBf@max=\skip126
\c@FBl@b=\count102
\floatbox@depth=\count103
\c@FRobj=\count104
\c@FRsobj=\count105
\Xhsize=\skip127
\sXhsize=\skip128
\Zhsize=\skip129
\sZhsize=\skip130
\flrow@rowbox=\box56
\FR@Zunitlength=\dimen130
\c@FBcnt=\count106
\FPOScnt=\count107
\LTleft=\skip131
\LTright=\skip132
\LTleft=\skip133
\LTright=\skip134
\flrow@types=\toks24
)
(/usr/share/texlive/texmf-dist/tex/latex/tabu/tabu.sty
Package: tabu 2011/02/26 v2.8 - flexible LaTeX tabulars (FC)

(/usr/share/texlive/texmf-dist/tex/latex/tools/array.sty
Package: array 2008/09/09 v2.4c Tabular extension package (FMi)
\col@sep=\dimen131
\extrarowheight=\dimen132
\NC@list=\toks25
\extratabsurround=\skip135
\backup@length=\skip136
)
(/usr/share/texlive/texmf-dist/tex/latex/varwidth/varwidth.sty
Package: varwidth 2009/03/30 ver 0.92;  Variable-width minipages
\@vwid@box=\box57
\sift@deathcycles=\count108
\@vwid@loff=\dimen133
\@vwid@roff=\dimen134
)
\c@taburow=\count109
\tabu@nbcols=\count110
\tabu@cnt=\count111
\tabu@Xcol=\count112
\tabu@alloc=\count113
\tabu@nested=\count114
\tabu@target=\dimen135
\tabu@spreadtarget=\dimen136
\tabu@naturalX=\dimen137
\tabucolX=\dimen138
\tabu@Xsum=\dimen139
\extrarowdepth=\dimen140
\abovetabulinesep=\dimen141
\belowtabulinesep=\dimen142
\tabustrutrule=\dimen143
\tabu@thebody=\toks26
\tabu@footnotes=\toks27
\tabu@box=\box58
\tabu@arstrutbox=\box59
\tabu@hleads=\box60
\tabu@vleads=\box61
\tabu@cellskip=\skip137
)
(/usr/share/texlive/texmf-dist/tex/latex/diagbox/diagbox.sty
Package: diagbox 2011/11/23 v2.0 Making table heads with diagonal lines

(/usr/share/texlive/texmf-dist/tex/latex/fp/fp.sty
Package: fp 1995/04/02

`Fixed Point Package', Version 0.8, April 2, 1995 (C) Michael Mehlich
(/usr/share/texlive/texmf-dist/tex/latex/fp/defpattern.sty
Package: defpattern 1994/10/12
\actioncount=\count115
)
(/usr/share/texlive/texmf-dist/tex/latex/fp/fp-basic.sty
Package: fp-basic 1996/05/13
\FP@xs=\count116
\FP@xia=\count117
\FP@xib=\count118
\FP@xfa=\count119
\FP@xfb=\count120
\FP@rega=\count121
\FP@regb=\count122
\FP@regs=\count123
\FP@times=\count124
)
(/usr/share/texlive/texmf-dist/tex/latex/fp/fp-addons.sty
Package: fp-addons 1995/03/15
)
(/usr/share/texlive/texmf-dist/tex/latex/fp/fp-snap.sty
Package: fp-snap 1995/04/05
)
(/usr/share/texlive/texmf-dist/tex/latex/fp/fp-exp.sty
Package: fp-exp 1995/04/03
)
(/usr/share/texlive/texmf-dist/tex/latex/fp/fp-trigo.sty
Package: fp-trigo 1995/04/14
)
(/usr/share/texlive/texmf-dist/tex/latex/fp/fp-pas.sty
Package: fp-pas 1994/08/29
)
(/usr/share/texlive/texmf-dist/tex/latex/fp/fp-random.sty
Package: fp-random 1995/02/23
\FPseed=\count125
)
(/usr/share/texlive/texmf-dist/tex/latex/fp/fp-eqn.sty
Package: fp-eqn 1995/04/03
)
(/usr/share/texlive/texmf-dist/tex/latex/fp/fp-upn.sty
Package: fp-upn 1996/10/21
)
(/usr/share/texlive/texmf-dist/tex/latex/fp/fp-eval.sty
Package: fp-eval 1995/04/03
))
\diagbox@boxa=\box62
\diagbox@boxb=\box63
\diagbox@boxm=\box64
\diagbox@wd=\dimen144
\diagbox@ht=\dimen145
\diagbox@sepl=\dimen146
\diagbox@sepr=\dimen147
)
(/usr/share/texlive/texmf-dist/tex/latex/rotating/rotating.sty
Package: rotating 2009/03/28 v2.16a rotated objects in LaTeX

(/usr/share/texlive/texmf-dist/tex/latex/base/ifthen.sty
Package: ifthen 2001/05/26 v1.1c Standard LaTeX ifthen package (DPC)
)
\c@r@tfl@t=\count126
\rotFPtop=\skip138
\rotFPbot=\skip139
\rot@float@box=\box65
\rot@mess@toks=\toks28
)
(/usr/share/texlive/texmf-dist/tex/latex/graphics/lscape.sty
Package: lscape 2000/10/22 v3.01 Landscape Pages (DPC)
)
(/usr/share/texlive/texmf-dist/tex/latex/csquotes/csquotes.sty
Package: csquotes 2011/10/22 v5.1d context-sensitive quotations

(/usr/share/texlive/texmf-dist/tex/latex/etoolbox/etoolbox.sty
Package: etoolbox 2011/01/03 v2.1 e-TeX tools for LaTeX

(/usr/share/texlive/texmf-dist/tex/latex/etex-pkg/etex.sty
Package: etex 1998/03/26 v2.0 eTeX basic definition package (PEB)
\et@xins=\count127
)
\etb@tempcnta=\count128
)
\csq@reset=\count129
\csq@gtype=\count130
\csq@glevel=\count131
\csq@qlevel=\count132
\csq@maxlvl=\count133
\csq@tshold=\count134
\csq@ltx@everypar=\toks29

(/usr/share/texlive/texmf-dist/tex/latex/csquotes/csquotes.def
File: csquotes.def 2011/10/22 v5.1d csquotes generic definitions
)
Package csquotes Info: Trying to load configuration file 'csquotes.cfg'...
Package csquotes Info: ... configuration file loaded successfully.

(/usr/share/texlive/texmf-dist/tex/latex/csquotes/csquotes.cfg
File: csquotes.cfg 
))
(/usr/share/texlive/texmf-dist/tex/latex/amsmath/amsmath.sty
Package: amsmath 2013/01/14 v2.14 AMS math features
\@mathmargin=\skip140

For additional information on amsmath, use the `?' option.
(/usr/share/texlive/texmf-dist/tex/latex/amsmath/amstext.sty
Package: amstext 2000/06/29 v2.01

(/usr/share/texlive/texmf-dist/tex/latex/amsmath/amsgen.sty
File: amsgen.sty 1999/11/30 v2.0
\@emptytoks=\toks30
\ex@=\dimen148
))
(/usr/share/texlive/texmf-dist/tex/latex/amsmath/amsbsy.sty
Package: amsbsy 1999/11/29 v1.2d
\pmbraise@=\dimen149
)
(/usr/share/texlive/texmf-dist/tex/latex/amsmath/amsopn.sty
Package: amsopn 1999/12/14 v2.01 operator names
)
\inf@bad=\count135
LaTeX Info: Redefining \frac on input line 210.
\uproot@=\count136
\leftroot@=\count137
LaTeX Info: Redefining \overline on input line 306.
\classnum@=\count138
\DOTSCASE@=\count139
LaTeX Info: Redefining \ldots on input line 378.
LaTeX Info: Redefining \dots on input line 381.
LaTeX Info: Redefining \cdots on input line 466.
\Mathstrutbox@=\box66
\strutbox@=\box67
\big@size=\dimen150
LaTeX Font Info:    Redeclaring font encoding OML on input line 566.
LaTeX Font Info:    Redeclaring font encoding OMS on input line 567.
\macc@depth=\count140
\c@MaxMatrixCols=\count141
\dotsspace@=\muskip10
\c@parentequation=\count142
\dspbrk@lvl=\count143
\tag@help=\toks31
\row@=\count144
\column@=\count145
\maxfields@=\count146
\andhelp@=\toks32
\eqnshift@=\dimen151
\alignsep@=\dimen152
\tagshift@=\dimen153
\tagwidth@=\dimen154
\totwidth@=\dimen155
\lineht@=\dimen156
\@envbody=\toks33
\multlinegap=\skip141
\multlinetaggap=\skip142
\mathdisplay@stack=\toks34
LaTeX Info: Redefining \[ on input line 2665.
LaTeX Info: Redefining \] on input line 2666.
)
(/usr/share/texlive/texmf-dist/tex/latex/hyperref/hyperref.sty
Package: hyperref 2012/11/06 v6.83m Hypertext links for LaTeX

(/usr/share/texlive/texmf-dist/tex/generic/oberdiek/hobsub-hyperref.sty
Package: hobsub-hyperref 2012/05/28 v1.13 Bundle oberdiek, subset hyperref (HO)


(/usr/share/texlive/texmf-dist/tex/generic/oberdiek/hobsub-generic.sty
Package: hobsub-generic 2012/05/28 v1.13 Bundle oberdiek, subset generic (HO)
Package: hobsub 2012/05/28 v1.13 Construct package bundles (HO)
Package hobsub Info: Skipping package `infwarerr' (already loaded).
Package hobsub Info: Skipping package `ltxcmds' (already loaded).
Package: ifluatex 2010/03/01 v1.3 Provides the ifluatex switch (HO)
Package ifluatex Info: LuaTeX not detected.
Package: ifvtex 2010/03/01 v1.5 Detect VTeX and its facilities (HO)
Package ifvtex Info: VTeX not detected.
Package: intcalc 2007/09/27 v1.1 Expandable calculations with integers (HO)
Package: ifpdf 2011/01/30 v2.3 Provides the ifpdf switch (HO)
Package ifpdf Info: pdfTeX in PDF mode is detected.
Package: etexcmds 2011/02/16 v1.5 Avoid name clashes with e-TeX commands (HO)
Package etexcmds Info: Could not find \expanded.
(etexcmds)             That can mean that you are not using pdfTeX 1.50 or
(etexcmds)             that some package has redefined \expanded.
(etexcmds)             In the latter case, load this package earlier.
Package: kvsetkeys 2012/04/25 v1.16 Key value parser (HO)
Package: kvdefinekeys 2011/04/07 v1.3 Define keys (HO)
Package: pdftexcmds 2011/11/29 v0.20 Utility functions of pdfTeX for LuaTeX (HO
)
Package pdftexcmds Info: LuaTeX not detected.
Package pdftexcmds Info: \pdf@primitive is available.
Package pdftexcmds Info: \pdf@ifprimitive is available.
Package pdftexcmds Info: \pdfdraftmode found.
Package: pdfescape 2011/11/25 v1.13 Implements pdfTeX's escape features (HO)
Package: bigintcalc 2012/04/08 v1.3 Expandable calculations on big integers (HO
)
Package: bitset 2011/01/30 v1.1 Handle bit-vector datatype (HO)
Package: uniquecounter 2011/01/30 v1.2 Provide unlimited unique counter (HO)
)
Package hobsub Info: Skipping package `hobsub' (already loaded).
Package: letltxmacro 2010/09/02 v1.4 Let assignment for LaTeX macros (HO)
Package: hopatch 2012/05/28 v1.2 Wrapper for package hooks (HO)
Package: xcolor-patch 2011/01/30 xcolor patch
Package: atveryend 2011/06/30 v1.8 Hooks at the very end of document (HO)
Package: atbegshi 2011/10/05 v1.16 At begin shipout hook (HO)
Package: refcount 2011/10/16 v3.4 Data extraction from label references (HO)
Package: hycolor 2011/01/30 v1.7 Color options for hyperref/bookmark (HO)
)
(/usr/share/texlive/texmf-dist/tex/generic/ifxetex/ifxetex.sty
Package: ifxetex 2010/09/12 v0.6 Provides ifxetex conditional
)
(/usr/share/texlive/texmf-dist/tex/latex/oberdiek/auxhook.sty
Package: auxhook 2011/03/04 v1.3 Hooks for auxiliary files (HO)
)
(/usr/share/texlive/texmf-dist/tex/latex/oberdiek/kvoptions.sty
Package: kvoptions 2011/06/30 v3.11 Key value format for package options (HO)
)
\@linkdim=\dimen157
\Hy@linkcounter=\count147
\Hy@pagecounter=\count148

(/usr/share/texlive/texmf-dist/tex/latex/hyperref/pd1enc.def
File: pd1enc.def 2012/11/06 v6.83m Hyperref: PDFDocEncoding definition (HO)
Now handling font encoding PD1 ...
... no UTF-8 mapping file for font encoding PD1
)
\Hy@SavedSpaceFactor=\count149

(/usr/share/texlive/texmf-dist/tex/latex/latexconfig/hyperref.cfg
File: hyperref.cfg 2002/06/06 v1.2 hyperref configuration of TeXLive
)
Package hyperref Info: Hyper figures OFF on input line 4443.
Package hyperref Info: Link nesting OFF on input line 4448.
Package hyperref Info: Hyper index ON on input line 4451.
Package hyperref Info: Plain pages OFF on input line 4458.
Package hyperref Info: Backreferencing OFF on input line 4463.
Package hyperref Info: Implicit mode ON; LaTeX internals redefined.
Package hyperref Info: Bookmarks ON on input line 4688.
\c@Hy@tempcnt=\count150

(/usr/share/texlive/texmf-dist/tex/latex/url/url.sty
\Urlmuskip=\muskip11
Package: url 2013/09/16  ver 3.4  Verb mode for urls, etc.
)
LaTeX Info: Redefining \url on input line 5041.
\XeTeXLinkMargin=\dimen158
\Fld@menulength=\count151
\Field@Width=\dimen159
\Fld@charsize=\dimen160
Package hyperref Info: Hyper figures OFF on input line 6295.
Package hyperref Info: Link nesting OFF on input line 6300.
Package hyperref Info: Hyper index ON on input line 6303.
Package hyperref Info: backreferencing OFF on input line 6310.
Package hyperref Info: Link coloring OFF on input line 6315.
Package hyperref Info: Link coloring with OCG OFF on input line 6320.
Package hyperref Info: PDF/A mode OFF on input line 6325.
LaTeX Info: Redefining \ref on input line 6365.
LaTeX Info: Redefining \pageref on input line 6369.
\Hy@abspage=\count152
\c@Item=\count153
\c@Hfootnote=\count154
)

Package hyperref Message: Driver (autodetected): hpdftex.

(/usr/share/texlive/texmf-dist/tex/latex/hyperref/hpdftex.def
File: hpdftex.def 2012/11/06 v6.83m Hyperref driver for pdfTeX
\Fld@listcount=\count155
\c@bookmark@seq@number=\count156

(/usr/share/texlive/texmf-dist/tex/latex/oberdiek/rerunfilecheck.sty
Package: rerunfilecheck 2011/04/15 v1.7 Rerun checks for auxiliary files (HO)
Package uniquecounter Info: New unique counter `rerunfilecheck' on input line 2
82.
)
\Hy@SectionHShift=\skip143
)
Package hyperref Info: Option `colorlinks' set `true' on input line 38.
Package csquotes Info: Checking for multilingual support...
Package csquotes Info: ... none found.

(./thesis.aux

LaTeX Warning: Label `figure:jrip_feature_influence_grouped' multiply defined.


LaTeX Warning: Label `figure:j48_feature_influence_grouped' multiply defined.

)
\openout1 = `thesis.aux'.

LaTeX Font Info:    Checking defaults for OML/cmm/m/it on input line 53.
LaTeX Font Info:    ... okay on input line 53.
LaTeX Font Info:    Checking defaults for T1/cmr/m/n on input line 53.
LaTeX Font Info:    ... okay on input line 53.
LaTeX Font Info:    Checking defaults for OT1/cmr/m/n on input line 53.
LaTeX Font Info:    ... okay on input line 53.
LaTeX Font Info:    Checking defaults for OMS/cmsy/m/n on input line 53.
LaTeX Font Info:    ... okay on input line 53.
LaTeX Font Info:    Checking defaults for OMX/cmex/m/n on input line 53.
LaTeX Font Info:    ... okay on input line 53.
LaTeX Font Info:    Checking defaults for U/cmr/m/n on input line 53.
LaTeX Font Info:    ... okay on input line 53.
LaTeX Font Info:    Checking defaults for PD1/pdf/m/n on input line 53.
LaTeX Font Info:    ... okay on input line 53.
 (/usr/share/texlive/texmf-dist/tex/context/base/supp-pdf.mkii
[Loading MPS to PDF converter (version 2006.09.02).]
\scratchcounter=\count157
\scratchdimen=\dimen161
\scratchbox=\box68
\nofMPsegments=\count158
\nofMParguments=\count159
\everyMPshowfont=\toks35
\MPscratchCnt=\count160
\MPscratchDim=\dimen162
\MPnumerator=\count161
\makeMPintoPDFobject=\count162
\everyMPtoPDFconversion=\toks36
) (/usr/share/texlive/texmf-dist/tex/latex/oberdiek/epstopdf-base.sty
Package: epstopdf-base 2010/02/09 v2.5 Base part for package epstopdf

(/usr/share/texlive/texmf-dist/tex/latex/oberdiek/grfext.sty
Package: grfext 2010/08/19 v1.1 Manage graphics extensions (HO)
)
Package grfext Info: Graphics extension search list:
(grfext)             [.png,.pdf,.jpg,.mps,.jpeg,.jbig2,.jb2,.PNG,.PDF,.JPG,.JPE
G,.JBIG2,.JB2,.eps]
(grfext)             \AppendGraphicsExtensions on input line 452.

(/usr/share/texlive/texmf-dist/tex/latex/latexconfig/epstopdf-sys.cfg
File: epstopdf-sys.cfg 2010/07/13 v1.3 Configuration of (r)epstopdf for TeX Liv
e
))
Package caption Info: Begin \AtBeginDocument code.
Package caption Info: floatrow package is loaded.
Package caption Info: float package is loaded.
Package caption Info: floatrow package is loaded.
Package caption Info: hyperref package is loaded.
Package caption Info: longtable package is loaded.

(/usr/share/texlive/texmf-dist/tex/latex/caption/ltcaption.sty
Package: ltcaption 2013/02/03 v1.3-62 longtable captions (AR)
)
Package caption Info: rotating package is loaded.
Package caption Info: wrapfig package is loaded.
Package caption Info: End \AtBeginDocument code.

(/usr/share/texlive/texmf-dist/tex/latex/graphics/color.sty
Package: color 2005/11/14 v1.0j Standard LaTeX Color (DPC)

(/usr/share/texlive/texmf-dist/tex/latex/latexconfig/color.cfg
File: color.cfg 2007/01/18 v1.5 color configuration of teTeX/TeXLive
)
Package color Info: Driver file: pdftex.def on input line 130.
)
(/usr/share/texlive/texmf-dist/tex/latex/floatrow/fr-longtable.sty
Package: fr-longtable 2007/11/28 v0.1b (beta) floatrow: additions for longtable

\flrow@LT@lasthead=\box69
\flrow@LT@prelastfoot=\box70
\c@FBLTpage=\count163
)
\AtBeginShipoutBox=\box71
Package hyperref Info: Link coloring ON on input line 53.

(/usr/share/texlive/texmf-dist/tex/latex/hyperref/nameref.sty
Package: nameref 2012/10/27 v2.43 Cross-referencing by name of section

(/usr/share/texlive/texmf-dist/tex/generic/oberdiek/gettitlestring.sty
Package: gettitlestring 2 line 53.
LaTeX Info: Redefining \nameref on input line 53.

(./thesis.out) (./thesis.out)
\@outlinefile=\write3
\openout3 = `thesis.out'.

 [1

{/var/lib/texmf/fonts/map/pdftex/updmap/pdftex.map}]
LaTeX Font Info:    Try loading font information for U+lasy on input line 94.
 (/usr/share/texlive/texmf-dist/tex/latex/base/ulasy.fd
File: ulasy.fd 1998/08/17 v2.2e LaTeX symbol font definitions
) [2]
(./0_Ueberblick.tex

LaTeX Warning: Citation `???' on page i undefined on input line 8.


LaTeX Warning: Citation `Curtin&Mintz&Christiansen2005' on page i undefined on 
input line 8.


LaTeX Warning: Citation `Brandelik2014' on page i undefined on input line 9.


LaTeX Warning: Citation `Dou&Bergsma2009' on page i undefined on input line 12.


) [1]

Package hyperref Warning: old toc file detected, not used; run LaTeX again.

\tf@toc=\write4
\openout4 = `thesis.toc'.

[2

] (./1_Einleitung.tex
Kapitel 1.

LaTeX Warning: Citation `Demberg2006' on page 1 undefined on input line 21.


LaTeX Warning: Citation `Hall2011' on page 1 undefined on input line 27.


LaTeX Warning: Citation `Hall2011' on page 1 undefined on input line 29.


LaTeX Warning: Citation `Jessen1999' on page 1 undefined on input line 31.


LaTeX Warning: Citation `Fery1998' on page 1 undefined on input line 33.


LaTeX Warning: Citation `Kaltenbacher1994' on page 1 undefined on input line 33
.


LaTeX Warning: Citation `Mengel1998' on page 1 undefined on input line 35.


LaTeX Warning: Citation `Demberg2006' on page 1 undefined on input line 39.


LaTeX Warning: Citation `Demberg2006' on page 1 undefined on input line 41.


LaTeX Warning: Citation `Demberg2006' on page 1 undefined on input line 45.

pdfTeX warning (ext4): destination with the same identifier (name{page.1}) has 
been already used, duplicate ignored
<to be read again> 
                   \relax 
l.51 
      [1


]

LaTeX Warning: Citation `CHOMSKY&HALLE1968' on page 2 undefined on input line 5
4.


LaTeX Warning: Citation `Fery1998' on page 2 undefined on input line 54.

)pdfTeX warning (ext4): destination with the same identifier (name{page.2}) has
 been already used, duplicate ignored
<to be read again> 
                   \relax 
l.176 \newpage
               [2] (./2_Linguistik.tex
Kapitel 2.
ngerman: "ll is now obsolete, please use lll instead on input line 3.
Runaway argument?
! Paragraph ended before " was complete.
<to be read again> 
                   \par 
l.4 
    
? 
! Interruption.
l.4 
    
? 

LaTeX Warning: Citation `Hall2011' on page 3 undefined on input line 12.


LaTeX Warning: Citation `Hall2011' on page 3 undefined on input line 20.


LaTeX Warning: Citation `Hall2011' on page 3 undefined on input line 24.

[3

]

LaTeX Warning: Citation `Hall2011' on page 4 undefined on input line 27.

) [4] (./3_MachineLearning.tex
Kapitel 3.

LaTeX Warning: Citation `Bramer2007' on page 5 undefined on input line 8.


LaTeX Warning: Citation `Bramer2007' on page 5 undefined on input line 9.


LaTeX Warning: Citation `RusselNorvig' on page 5 undefined on input line 21.


Underfull \hbox (badness 1852) in paragraph at lines 15--23
\OT1/cmr/m/n/12 Zwei Pha-sen: Gro-wing und Pru-ning Pru-ning, RE-du-ced er-ror 
Pru-ning
 []

) [5

] (./4_Forschungsstand.tex
Kapitel 4.

LaTeX Warning: Citation `Janssen2003' on page 6 undefined on input line 10.


LaTeX Warning: Citation `Chomsky&Halle1968' on page 6 undefined on input line 1
0.


LaTeX Warning: Citation `Giegerich1985' on page 6 undefined on input line 10.


LaTeX Warning: Citation `Mengel1998' on page 6 undefined on input line 10.


LaTeX Warning: Citation `Janssen2003' on page 6 undefined on input line 10.


LaTeX Warning: Citation `Jessen1999' on page 6 undefined on input line 12.


LaTeX Warning: Citation `Wagner2001' on page 6 undefined on input line 12.


LaTeX Warning: Citation `Lungen&Ehlebracht1998' on page 6 undefined on input li
ne 12.


LaTeX Warning: Citation `???' on page 6 undefined on input line 13.


LaTeX Warning: Citation `Fery1998' on page 6 undefined on input line 17.

[6

]

LaTeX Warning: Citation `Kvizhinadze2010' on page 7 undefined on input line 20.



LaTeX Warning: Citation `Demberg2006' on page 7 undefined on input line 20.


LaTeX Warning: Citation `Rapp1995' on page 7 undefined on input line 25.


LaTeX Warning: Citation `Giegerich1985' on page 7 undefined on input line 25.


LaTeX Warning: Citation `Hain2004' on page 7 undefined on input line 32.


LaTeX Warning: Citation `Demberg2006' on page 7 undefined on input line 32.

[7]

LaTeX Warning: Citation `Demberg2006' on page 8 undefined on input line 36.


LaTeX Warning: Citation `Demberg2006' on page 8 undefined on input line 38.


LaTeX Warning: Citation `Dou&Bergsma2009' on page 8 undefined on input line 42.



LaTeX Warning: Citation `Demberg2006' on page 8 undefined on input line 42.


LaTeX Warning: Citation `Fery1998' on page 8 undefined on input line 57.


LaTeX Warning: Citation `Jessen1999' on page 8 undefined on input line 57.


LaTeX Warning: Citation `Demberg2006' on page 8 undefined on input line 58.

[8]

LaTeX Warning: Citation `Hain2004' on page 9 undefined on input line 62.


LaTeX Warning: Citation `Dou&Bergsma2009' on page 9 undefined on input line 62.



LaTeX Warning: Citation `Demberg2006' on page 9 undefined on input line 62.


LaTeX Warning: Reference `LNRE' on page 9 undefined on input line 64.


LaTeX Warning: Citation `Demberg2006b' on page 9 undefined on input line 64.


LaTeX Warning: Citation `Rapp1995' on page 9 undefined on input line 66.


LaTeX Warning: Citation `Duffner&Naf2006' on page 9 undefined on input line 70.



LaTeX Warning: Citation `???' on page 9 undefined on input line 70.


LaTeX Warning: Citation `Lungen&Ehlebracht1998' on page 9 undefined on input li
ne 72.


LaTeX Warning: Citation `Wagner2001' on page 9 undefined on input line 72.


LaTeX Warning: Citation `BOMP' on page 9 undefined on input line 74.


LaTeX Warning: Citation `Baayen&Piepenbrock&Gulikers1995' on page 9 undefined o
n input line 76.


LaTeX Warning: Citation `Gulikers&Rattnik&Piepenbrock' on page 9 undefined on i
nput line 76.


LaTeX Warning: Citation `???' on page 9 undefined on input line 76.


LaTeX Warning: Citation `Demberg2006' on page 9 undefined on input line 76.

[9]

LaTeX Warning: Citation `???' on page 10 undefined on input line 79.


LaTeX Warning: Citation `???' on page 10 undefined on input line 80.


LaTeX Warning: Citation `???' on page 10 undefined on input line 80.


LaTeX Warning: Citation `???' on page 10 undefined on input line 82.

[10]

LaTeX Warning: Citation `Jovic&Brkic&Bogunovic' on page 11 undefined on input l
ine 85.

[11]

LaTeX Warning: Citation `Dou&Bergsma2009' on page 12 undefined on input line 10
9.

[12]) [13] (./5_Ansatz.tex
Kapitel 5.

LaTeX Warning: Citation `Mengel1998' on page 14 undefined on input line 20.


LaTeX Warning: Citation `Hall2011' on page 14 undefined on input line 26.


LaTeX Warning: Citation `Hall2011' on page 14 undefined on input line 28.

[14

]

LaTeX Warning: Citation `Hall2011' on page 15 undefined on input line 30.


LaTeX Warning: Citation `Hall2011' on page 15 undefined on input line 38.


LaTeX Warning: Citation `Hall2011' on page 15 undefined on input line 40.


LaTeX Warning: Citation `Hall2011' on page 15 undefined on input line 42.


LaTeX Warning: Citation `Hall2011' on page 15 undefined on input line 44.


LaTeX Warning: Citation `Hall2011' on page 15 undefined on input line 46.


LaTeX Warning: Citation `Hall2011' on page 15 undefined on input line 48.


LaTeX Warning: Citation `Hall2011' on page 15 undefined on input line 50.

(./figures/phoncats.tex
LaTeX Font Info:    Try loading font information for OMS+cmr on input line 11.
 (/usr/share/texlive/texmf-dist/tex/latex/base/omscmr.fd
File: omscmr.fd 1999/05/25 v2.5h Standard LaTeX font definitions
)
LaTeX Font Info:    Font shape `OMS/cmr/m/n' in size <12> not available
(Font)              Font shape `OMS/cmsy/m/n' tried instead on input line 11.


LaTeX Warning: `h' float specifier changed to `ht'.

) [15]

LaTeX Warning: Citation `Wagner2001' on page 16 undefined on input line 69.

(./figures/sonority.tex)

LaTeX Warning: Citation `Hall2011' on page 16 undefined on input line 72.

[16]

LaTeX Warning: Citation `Janssen2003' on page 17 undefined on input line 89.


LaTeX Warning: Citation `Giegerich1985' on page 17 undefined on input line 89.


LaTeX Warning: Citation `Fery1998' on page 17 undefined on input line 89.


LaTeX Warning: Citation `Prince1990' on page 17 undefined on input line 89.


LaTeX Warning: Citation `Mengel1998' on page 17 undefined on input line 89.


LaTeX Warning: Citation `Janssen2003' on page 17 undefined on input line 89.


LaTeX Warning: Citation `Janssen2003' on page 17 undefined on input line 90.


LaTeX Warning: Citation `Kaltenbacher1994' on page 17 undefined on input line 9
0.


LaTeX Warning: Citation `Mengel1998' on page 17 undefined on input line 90.


LaTeX Warning: Citation `Eisenberg1991' on page 17 undefined on input line 91.


LaTeX Warning: Citation `Wagner2001' on page 17 undefined on input line 91.


LaTeX Warning: Citation `Fery1998' on page 17 undefined on input line 91.


LaTeX Warning: Citation `Wagner2001' on page 17 undefined on input line 92.


LaTeX Warning: Citation `Fery1998' on page 17 undefined on input line 92.


LaTeX Warning: Citation `Giegerich1985' on page 17 undefined on input line 103.



LaTeX Warning: Citation `Mengel1998' on page 17 undefined on input line 103.


LaTeX Warning: Citation `Kaltenbacher1994' on page 17 undefined on input line 1
04.

[17]

LaTeX Warning: Citation `Janssen2003' on page 18 undefined on input line 108.


LaTeX Warning: Reference `affix_studie' on page 18 undefined on input line 114.



LaTeX Warning: Reference `unbetonte_suffixe' on page 18 undefined on input line
 116.


LaTeX Warning: Reference `betonte_suffixe' on page 18 undefined on input line 1
16.


LaTeX Warning: Reference `unbetonte_praefixe' on page 18 undefined on input lin
e 125.


LaTeX Warning: Reference `betonte_praefixe' on page 18 undefined on input line 
125.


Underfull \vbox (badness 1540) has occurred while \output is active []

 [18]

LaTeX Warning: Citation `Giegerich1985' on page 19 undefined on input line 142.



LaTeX Warning: Citation `Benware1980' on page 19 undefined on input line 142.


LaTeX Warning: Reference `nonnative_stressed_suffixes' on page 19 undefined on 
input line 142.


LaTeX Warning: Reference `native_suffixes' on page 19 undefined on input line 1
42.


LaTeX Warning: Reference `nonnative_unstressed_suffixes' on page 19 undefined o
n input line 142.


LaTeX Warning: Reference `table:phoncats' on page 19 undefined on input line 15
7.


LaTeX Warning: Reference `table:phoncats' on page 19 undefined on input line 15
8.

[19]

LaTeX Warning: Citation `Eisenberg1991' on page 20 undefined on input line 171.


LaTeX Font Info:    Font shape `OT1/cmtt/bx/n' in size <12> not available
(Font)              Font shape `OT1/cmtt/m/n' tried instead on input line 174.
[20]

LaTeX Warning: Reference `featurematrix' on page 21 undefined on input line 204
.

) [21] (./5_Evaluation.tex
Kapitel 6.
<figures/j48_min_leaves.png, id=206, 1003.75pt x 1003.75pt>
File: figures/j48_min_leaves.png Graphic file (type png)

<use figures/j48_min_leaves.png>
Package pdftex.def Info: figures/j48_min_leaves.png used on input line 12.
(pdftex.def)             Requested size: 180.6672pt x 180.6672pt.

Underfull \hbox (badness 1590) in paragraph at lines 12--12
\OT1/cmr/m/n/10.95 Bau-mes (rechts, ge-stri-chelt). 66%
 []

File: figures/j48_min_leaves.png Graphic file (type png)
<use figures/j48_min_leaves.png>
Package pdftex.def Info: figures/j48_min_leaves.png used on input line 12.
(pdftex.def)             Requested size: 180.6672pt x 180.6672pt.

Underfull \hbox (badness 1590) in paragraph at lines 12--12
\OT1/cmr/m/n/10.95 Bau-mes (rechts, ge-stri-chelt). 66%
 []

<figures/jrip_min_leaves.png, id=207, 1003.75pt x 1003.75pt>
File: figures/jrip_min_leaves.png Graphic file (type png)

<use figures/jrip_min_leaves.png>
Package pdftex.def Info: figures/jrip_min_leaves.png used on input line 16.
(pdftex.def)             Requested size: 180.6672pt x 180.6672pt.

Underfull \hbox (badness 1590) in paragraph at lines 16--16
\OT1/cmr/m/n/10.95 Bau-mes (rechts, ge-stri-chelt). 66%
 []

File: figures/jrip_min_leaves.png Graphic file (type png)
<use figures/jrip_min_leaves.png>
Package pdftex.def Info: figures/jrip_min_leaves.png used on input line 16.
(pdftex.def)             Requested size: 180.6672pt x 180.6672pt.

Underfull \hbox (badness 1590) in paragraph at lines 16--16
\OT1/cmr/m/n/10.95 Bau-mes (rechts, ge-stri-chelt). 66%
 []


LaTeX Warning: Reference `figure:j48_min_leaves' on page 22 undefined on input 
line 19.


LaTeX Warning: Reference `figure:jrip_min_leaves' on page 22 undefined on input
 line 19.

<figures/NN_HUs.png, id=211, 1003.75pt x 602.25pt>
File: figures/NN_HUs.png Graphic file (type png)
 <use figures/NN_HUs.png>
Package pdftex.def Info: figures/NN_HUs.png used on input line 24.
(pdftex.def)             Requested size: 298.75392pt x 179.252pt.

Overfull \hbox (12.43779pt too wide) in paragraph at lines 27--27
[][][][]\OT1/cmr/m/n/10 Exakte Kon-fi-gu-ra-ti-on des Neural-Net-work: \OT1/cmt
t/m/n/10 weka.classifiers.functions.NeuralNetwork
 []


LaTeX Warning: Reference `figure:NN_HUs' on page 22 undefined on input line 27.



LaTeX Warning: Citation `RusselNorvig2013' on page 22 undefined on input line 2
7.


LaTeX Warning: Citation `Domingos' on page 22 undefined on input line 27.


LaTeX Warning: Citation `Domingos' on page 22 undefined on input line 27.

[22

 <./figures/j48_min_leaves.png (PNG copy)> <./figures/jrip_min_leaves.png (PNG 
copy)>] [23 <./figures/NN_HUs.png (PNG copy)>]

LaTeX Warning: Reference `fig:overall_weighted' on page 24 undefined on input l
ine 41.

<figures/esemble/weighted_performance.png, id=230, 2007.5pt x 1003.75pt>
File: figures/esemble/weighted_performance.png Graphic file (type png)

<use figures/esemble/weighted_performance.png>
Package pdftex.def Info: figures/esemble/weighted_performance.png used on input
 line 48.
(pdftex.def)             Requested size: 398.33858pt x 199.1689pt.


LaTeX Warning: `h' float specifier changed to `ht'.


LaTeX Warning: Reference `fig:overall_weighted' on page 24 undefined on input l
ine 51.


Underfull \hbox (badness 10000) in paragraph at lines 51--52

 []

[24]

LaTeX Warning: Reference `fig:overall_weighted' on page 25 undefined on input l
ine 59.


LaTeX Warning: Reference `fig:overall_weighted' on page 25 undefined on input l
ine 59.


<figures/esemble/bag_of_best_algorithms_for_featuresets.png, id=236, 1084.05pt 
x 501.875pt>
File: figures/esemble/bag_of_best_algorithms_for_featuresets.png Graphic file (
type png)
 <use figures/esemble/bag_of_best_algorithms_for_featuresets.png>
Package pdftex.def Info: figures/esemble/bag_of_best_algorithms_for_featuresets
.png used on input line 61.
(pdftex.def)             Requested size: 338.59021pt x 156.75131pt.


LaTeX Warning: Reference `fig:overall_bag' on page 25 undefined on input line 6
4.


LaTeX Warning: Citation `Breiman1996' on page 25 undefined on input line 64.


LaTeX Warning: Citation `Breiman1996' on page 25 undefined on input line 64.

) [25 <./figures/esemble/weighted_performance.png> <./figures/esemble/bag_of_be
st_algorithms_for_featuresets.png (PNG copy)>] [26] (./6_Diskussion.tex
Kapitel 7.
<figures/featuresets/all.png, id=248, 1084.05pt x 501.875pt>
File: figures/featuresets/all.png Graphic file (type png)

<use figures/featuresets/all.png>
Package pdftex.def Info: figures/featuresets/all.png used on input line 28.
(pdftex.def)             Requested size: 398.33858pt x 184.41196pt.


LaTeX Warning: Reference `figure:featuresets_all' on page 27 undefined on input
 line 31.

[27

 <./figures/featuresets/all.png>]
<figures/performance_by_syllables.png, id=258, 2007.5pt x 803.0pt>
File: figures/performance_by_syllables.png Graphic file (type png)

<use figures/performance_by_syllables.png>
Package pdftex.def Info: figures/performance_by_syllables.png used on input lin
e 40.
(pdftex.def)             Requested size: 298.75392pt x 119.50133pt.


LaTeX Warning: Reference `figure:results_proportional' on page 28 undefined on 
input line 44.


LaTeX Warning: Reference `performance_details' on page 28 undefined on input li
ne 44.

[28 <./figures/performance_by_syllables.png>]

LaTeX Warning: Reference `table:wertvolle_woerter' on page 29 undefined on inpu
t line 60.

LaTeX Font Info:    Font shape `OT1/cmtt/bx/n' in size <14.4> not available
(Font)              Font shape `OT1/cmtt/m/n' tried instead on input line 62.

LaTeX Warning: Reference `attr_counts' on page 29 undefined on input line 64.

[29] <figures/counts_vs_performance.png, id=273, 1003.75pt x 1003.75pt>
File: figures/counts_vs_performance.png Graphic file (type png)

<use figures/counts_vs_performance.png>
Package pdftex.def Info: figures/counts_vs_performance.png used on input line 7
1.
(pdftex.def)             Requested size: 199.16928pt x 199.1689pt.


LaTeX Warning: Reference `attr_counts' on page 30 undefined on input line 74.

[30 <./figures/counts_vs_performance.png (PNG copy)>]

LaTeX Warning: Reference `performance_details' on page 31 undefined on input li
ne 76.


LaTeX Warning: Reference `figure:counts_vs_performance' on page 31 undefined on
 input line 78.


LaTeX Warning: Reference `performance_details' on page 31 undefined on input li
ne 78.


LaTeX Warning: Reference `features_performance_dependancy' on page 31 undefined
 on input line 84.


LaTeX Warning: Reference `figure:algorithms_J48' on page 31 undefined on input 
line 84.


LaTeX Warning: Reference `figure:algorithms_JRip' on page 31 undefined on input
 line 84.

[31] <figures/algorithms/J48.png, id=285, 642.4pt x 1084.05pt>
File: figures/algorithms/J48.png Graphic file (type png)

<use figures/algorithms/J48.png>
Package pdftex.def Info: figures/algorithms/J48.png used on input line 93.
(pdftex.def)             Requested size: 192.72148pt x 325.21751pt.
File: figures/algorithms/J48.png Graphic file (type png)
 <use figures/algorithms/J48.png>
Package pdftex.def Info: figures/algorithms/J48.png used on input line 93.
(pdftex.def)             Requested size: 192.72148pt x 325.21751pt.

<figures/algorithms/JRip.png, id=286, 642.4pt x 1084.05pt>
File: figures/algorithms/JRip.png Graphic file (type png)

<use figures/algorithms/JRip.png>
Package pdftex.def Info: figures/algorithms/JRip.png used on input line 97.
(pdftex.def)             Requested size: 192.72148pt x 325.21751pt.
File: figures/algorithms/JRip.png Graphic file (type png)
 <use figures/algorithms/JRip.png>
Package pdftex.def Info: figures/algorithms/JRip.png used on input line 97.
(pdftex.def)             Requested size: 192.72148pt x 325.21751pt.


LaTeX Warning: Reference `attr_counts' on page 32 undefined on input line 102.

[32 <./figures/algorithms/J48.png> <./figures/algorithms/JRip.png>]

LaTeX Warning: Reference `figure:algorithms_J48' on page 33 undefined on input 
line 105.


LaTeX Warning: Reference `table:jrip_rules_examples' on page 33 undefined on in
put line 119.


LaTeX Warning: Reference `figure:jrip_tree' on page 33 undefined on input line 
119.

[33]
LaTeX Font Info:    Try loading font information for OML+cmtt on input line 150
.
LaTeX Font Info:    No file OMLcmtt.fd. on input line 150.


LaTeX Font Warning: Font shape `OML/cmtt/m/n' undefined
(Font)              using `OML/cmm/m/it' instead
(Font)              for symbol `textless' on input line 150.


LaTeX Warning: Reference `table:sonority' on page 34 undefined on input line 15
0.


LaTeX Warning: Reference `table:phoncats' on page 34 undefined on input line 15
0.


Underfull \hbox (badness 3735) in paragraph at lines 149--153
\OT1/cmr/m/n/12 Mit ein we-nig Hin-ter-grund-wis-sen las-sen sich die Re-geln t
eils stark
 []


Underfull \hbox (badness 4378) in paragraph at lines 149--153
\OT1/cmr/m/n/12 ver-ein-fachn. Ein Bei-spiel ist die Re-gel \OT1/cmtt/m/n/12 (n
ucleus[]phoncat0 = K) and
 []


Underfull \hbox (badness 10000) in paragraph at lines 149--153
\OT1/cmtt/m/n/12 (syl[]weight1 = light) and (sonority0 \OML/cmtt/m/n/12 <\OT1/c
mtt/m/n/12 = 11) and (sonority0 \OML/cmtt/m/n/12 >\OT1/cmtt/m/n/12 =
 []


Underfull \vbox (badness 2894) has occurred while \output is active []

 [34]
<figures/features/jrip_feature_influence_grouped.png, id=309, 702.625pt x 1204.
5pt>
File: figures/features/jrip_feature_influence_grouped.png Graphic file (type pn
g)
 <use figures/features/jrip_feature_influence_grouped.png>
Package pdftex.def Info: figures/features/jrip_feature_influence_grouped.png us
ed on input line 183.
(pdftex.def)             Requested size: 175.6558pt x 301.12427pt.
File: figures/features/jrip_feature_influence_grouped.png Graphic file (type pn
g)

<use figures/features/jrip_feature_influence_grouped.png>
Package pdftex.def Info: figures/features/jrip_feature_influence_grouped.png us
ed on input line 183.
(pdftex.def)             Requested size: 175.6558pt x 301.12427pt.

<figures/features/j48_feature_influence_grouped.png, id=310, 702.625pt x 1204.5
pt>
File: figures/features/j48_feature_influence_grouped.png Graphic file (type png
)
 <use figures/features/j48_feature_influence_grouped.png>
Package pdftex.def Info: figures/features/j48_feature_influence_grouped.png use
d on input line 187.
(pdftex.def)             Requested size: 175.6558pt x 301.12427pt.
File: figures/features/j48_feature_influence_grouped.png Graphic file (type png
)

<use figures/features/j48_feature_influence_grouped.png>
Package pdftex.def Info: figures/features/j48_feature_influence_grouped.png use
d on input line 187.
(pdftex.def)             Requested size: 175.6558pt x 301.12427pt.
 [35 <./figures/features/jrip_feature_influence_grouped.png> <./figures/feature
s/j48_feature_influence_grouped.png>]

LaTeX Warning: Reference `generelles' on page 36 undefined on input line 194.


LaTeX Warning: Citation `Rapp1995' on page 36 undefined on input line 256.


LaTeX Warning: Citation `Hain2004' on page 36 undefined on input line 258.

[36]

LaTeX Warning: Citation `Dou&Bergsma2009' on page 37 undefined on input line 26
6.


LaTeX Warning: Citation `Dou&Bergsma2009' on page 37 undefined on input line 26
7.

) [37] (./7_Zusammenfassung.tex
Kapitel 8.

LaTeX Warning: Reference `rule_simplify' on page 38 undefined on input line 45.



LaTeX Warning: Citation `RusselNorvig' on page 38 undefined on input line 45.

[38

]) [39] (./9_Anhang.tex (./figures/betonte_praefixe_nonkomposita.tex)
(./figures/unbetonte_suffixe_nonkomposita.tex)
(./figures/unbetonte_praefixe_nonkomposita.tex)
(./figures/betonte_suffixe_nonkomposita.tex)

LaTeX Warning: `h' float specifier changed to `ht'.


LaTeX Warning: `h' float specifier changed to `ht'.

(./figures/attr_counts.tex [40]
Overfull \hbox (398.33858pt too wide) detected at line 4
 [] 
 []


Underfull \hbox (badness 10000) in alignment at lines 2--27
[] [] [] [] [] [] [] []
 []


Underfull \hbox (badness 10000) in alignment at lines 27--47
[] [] [] [] [] [] [] []
 []


Underfull \hbox (badness 10000) in alignment at lines 47--67
[] [] [] [] [] [] [] []
 []

[41]
Underfull \hbox (badness 10000) in alignment at lines 67--87
[] [] [] [] [] [] [] []
 []


Underfull \hbox (badness 10000) in alignment at lines 87--107
[] [] [] [] [] [] [] []
 []

[42]
Underfull \hbox (badness 10000) in alignment at lines 107--127
[] [] [] [] [] [] [] []
 []


Underfull \hbox (badness 10000) in alignment at lines 127--147
[] [] [] [] [] [] [] []
 []


Underfull \hbox (badness 10000) in alignment at lines 147--151
[] [] [] [] [] [] [] []
 []

[43]

Package longtable Warning: Column widths have changed
(longtable)                in table 5 on input line 151.

)

LaTeX Warning: Reference `attr_counts' on page 44 undefined on input line 26.

[44] (./figures/featurematrix.tex) [45]
<figures/basicstats/2syl-basicstats.png, id=373, 1927.2pt x 1084.05pt>
File: figures/basicstats/2syl-basicstats.png Graphic file (type png)

<use figures/basicstats/2syl-basicstats.png>
Package pdftex.def Info: figures/basicstats/2syl-basicstats.png used on input l
ine 40.
(pdftex.def)             Requested size: 341.43306pt x 192.0439pt.

<figures/basicstats/3syl-basicstats.png, id=374, 1927.2pt x 1084.05pt>
File: figures/basicstats/3syl-basicstats.png Graphic file (type png)

<use figures/basicstats/3syl-basicstats.png>
Package pdftex.def Info: figures/basicstats/3syl-basicstats.png used on input l
ine 41.
(pdftex.def)             Requested size: 341.43306pt x 192.0439pt.

<figures/basicstats/4syl-basicstats.png, id=375, 1927.2pt x 1084.05pt>
File: figures/basicstats/4syl-basicstats.png Graphic file (type png)

<use figures/basicstats/4syl-basicstats.png>
Package pdftex.def Info: figures/basicstats/4syl-basicstats.png used on input l
ine 42.
(pdftex.def)             Requested size: 341.43306pt x 192.0439pt.

<figures/basicstats/5syl-basicstats.png, id=376, 1927.2pt x 1084.05pt>
File: figures/basicstats/5syl-basicstats.png Graphic file (type png)

<use figures/basicstats/5syl-basicstats.png>
Package pdftex.def Info: figures/basicstats/5syl-basicstats.png used on input l
ine 43.
(pdftex.def)             Requested size: 341.43306pt x 192.0439pt.
 [46


 <./figures/basicstats/2syl-basicstats.png (PNG copy)> <./figures/basicstats/3s
yl-basicstats.png (PNG copy)> <./figures/basicstats/4syl-basicstats.png (PNG co
py)>]
<figures/basicstats/6syl-basicstats.png, id=382, 1927.2pt x 1084.05pt>
File: figures/basicstats/6syl-basicstats.png Graphic file (type png)

<use figures/basicstats/6syl-basicstats.png>
Package pdftex.def Info: figures/basicstats/6syl-basicstats.png used on input l
ine 44.
(pdftex.def)             Requested size: 341.43306pt x 192.0439pt.

<figures/basicstats/7syl-basicstats.png, id=383, 1927.2pt x 1084.05pt>
File: figures/basicstats/7syl-basicstats.png Graphic file (type png)

<use figures/basicstats/7syl-basicstats.png>
Package pdftex.def Info: figures/basicstats/7syl-basicstats.png used on input l
ine 45.
(pdftex.def)             Requested size: 341.43306pt x 192.0439pt.
 [47 <./figures/basicstats/5syl-basicstats.png (PNG copy)> <./figures/basicstat
s/6syl-basicstats.png (PNG copy)> <./figures/basicstats/7syl-basicstats.png (PN
G copy)>]
<figures/features/jrip_feature_influence.png, id=388, 702.625pt x 2007.5pt>
File: figures/features/jrip_feature_influence.png Graphic file (type png)

<use figures/features/jrip_feature_influence.png>
Package pdftex.def Info: figures/features/jrip_feature_influence.png used on in
put line 54.
(pdftex.def)             Requested size: 189.71127pt x 542.03226pt.
File: figures/features/jrip_feature_influence.png Graphic file (type png)

<use figures/features/jrip_feature_influence.png>
Package pdftex.def Info: figures/features/jrip_feature_influence.png used on in
put line 54.
(pdftex.def)             Requested size: 189.71127pt x 542.03226pt.

<figures/features/j48_feature_influence.png, id=389, 702.625pt x 2007.5pt>
File: figures/features/j48_feature_influence.png Graphic file (type png)

<use figures/features/j48_feature_influence.png>
Package pdftex.def Info: figures/features/j48_feature_influence.png used on inp
ut line 58.
(pdftex.def)             Requested size: 189.71127pt x 542.03226pt.
File: figures/features/j48_feature_influence.png Graphic file (type png)

<use figures/features/j48_feature_influence.png>
Package pdftex.def Info: figures/features/j48_feature_influence.png used on inp
ut line 58.
(pdftex.def)             Requested size: 189.71127pt x 542.03226pt.
 (./figures/jrip_examples.tex
Underfull \hbox (badness 10000) in paragraph at lines 12--12
[]|\OT1/cmr/m/n/6 (nucleus[]phoncat0 = K) and (syl[]phoncat0 = CK) and
 []

LaTeX Font Info:    Try loading font information for OML+cmr on input line 14.
(/usr/share/texlive/texmf-dist/tex/latex/base/omlcmr.fd
File: omlcmr.fd 1999/05/25 v2.5h Standard LaTeX font definitions
)
LaTeX Font Info:    Font shape `OML/cmr/m/n' in size <6> not available
(Font)              Font shape `OML/cmm/m/it' tried instead on input line 14.

Underfull \hbox (badness 2717) in paragraph at lines 34--34
[]|\OT1/cmr/m/n/6 (nucleus[]phoncat1 = L) and (nucleus[]phoncat2 = L) and (on-
 []


Overfull \hbox (38.34932pt too wide) in paragraph at lines 6--56
 [][] 
 []


LaTeX Warning: Float too large for page by 7.63907pt on input line 56.

) [48 <./figures/features/jrip_feature_influence.png> <./figures/features/j48_f
eature_influence.png>]
! Interruption.
<to be read again> \AtBegShi@Output 
                                    \endgro